c:\phiproject\program\github\schooldata\phiengine_2d\phiengine_2d\debug\vc140.pdb
c:\phiproject\program\github\schooldata\phiengine_2d\phiengine_2d\debug\vc140.idb
c:\phiproject\program\github\schooldata\phiengine_2d\phiengine_2d\debug\cdirectxgraphics.obj
c:\phiproject\program\github\schooldata\phiengine_2d\phiengine_2d\debug\csprite2d.obj
c:\phiproject\program\github\schooldata\phiengine_2d\phiengine_2d\debug\game.obj
c:\phiproject\program\github\schooldata\phiengine_2d\phiengine_2d\debug\input.obj
c:\phiproject\program\github\schooldata\phiengine_2d\phiengine_2d\debug\main.obj
c:\phiproject\program\github\schooldata\phiengine_2d\phiengine_2d\debug\obb.obj
c:\phiproject\program\github\schooldata\phiengine_2d\phiengine_2d\debug\gamescene.obj
c:\phiproject\program\github\schooldata\phiengine_2d\phiengine_2d\debug\titlescene.obj
c:\phiproject\program\github\schooldata\phiengine_2d\phiengine_2d\debug\scenemanager.obj
c:\phiproject\program\github\schooldata\phiengine_2d\debug\phiengine_2d.ilk
c:\phiproject\program\github\schooldata\phiengine_2d\debug\phiengine_2d.exe
c:\phiproject\program\github\schooldata\phiengine_2d\debug\phiengine_2d.pdb
c:\phiproject\program\github\schooldata\phiengine_2d\phiengine_2d\debug\phiengine_2d.tlog\cl.command.1.tlog
c:\phiproject\program\github\schooldata\phiengine_2d\phiengine_2d\debug\phiengine_2d.tlog\cl.read.1.tlog
c:\phiproject\program\github\schooldata\phiengine_2d\phiengine_2d\debug\phiengine_2d.tlog\cl.write.1.tlog
c:\phiproject\program\github\schooldata\phiengine_2d\phiengine_2d\debug\phiengine_2d.tlog\link-cvtres.read.1.tlog
c:\phiproject\program\github\schooldata\phiengine_2d\phiengine_2d\debug\phiengine_2d.tlog\link-cvtres.write.1.tlog
c:\phiproject\program\github\schooldata\phiengine_2d\phiengine_2d\debug\phiengine_2d.tlog\link-rc.read.1.tlog
c:\phiproject\program\github\schooldata\phiengine_2d\phiengine_2d\debug\phiengine_2d.tlog\link-rc.write.1.tlog
c:\phiproject\program\github\schooldata\phiengine_2d\phiengine_2d\debug\phiengine_2d.tlog\link.14744-cvtres.read.1.tlog
c:\phiproject\program\github\schooldata\phiengine_2d\phiengine_2d\debug\phiengine_2d.tlog\link.14744-cvtres.write.1.tlog
c:\phiproject\program\github\schooldata\phiengine_2d\phiengine_2d\debug\phiengine_2d.tlog\link.14744-rc.read.1.tlog
c:\phiproject\program\github\schooldata\phiengine_2d\phiengine_2d\debug\phiengine_2d.tlog\link.14744-rc.write.1.tlog
c:\phiproject\program\github\schooldata\phiengine_2d\phiengine_2d\debug\phiengine_2d.tlog\link.14744.read.1.tlog
c:\phiproject\program\github\schooldata\phiengine_2d\phiengine_2d\debug\phiengine_2d.tlog\link.14744.write.1.tlog
c:\phiproject\program\github\schooldata\phiengine_2d\phiengine_2d\debug\phiengine_2d.tlog\link.command.1.tlog
c:\phiproject\program\github\schooldata\phiengine_2d\phiengine_2d\debug\phiengine_2d.tlog\link.read.1.tlog
c:\phiproject\program\github\schooldata\phiengine_2d\phiengine_2d\debug\phiengine_2d.tlog\link.write.1.tlog
