  main.cpp
main.cpp(221): warning C4244: '=': 'double' から 'float' への変換です。データが失われる可能性があります。
main.cpp(222): warning C4244: '=': 'double' から 'float' への変換です。データが失われる可能性があります。
main.cpp(230): warning C4244: '=': 'int' から 'float' への変換です。データが失われる可能性があります。
main.cpp(232): warning C4244: '=': 'int' から 'float' への変換です。データが失われる可能性があります。
main.cpp(236): warning C4244: '=': 'double' から 'float' への変換です。データが失われる可能性があります。
main.cpp(229): warning C4101: 'fRand_r': ローカル変数は 1 度も使われていません。
main.cpp(229): warning C4101: 'fRand_t': ローカル変数は 1 度も使われていません。
main.cpp(251): warning C4101: 'oPosX': ローカル変数は 1 度も使われていません。
main.cpp(251): warning C4101: 'oPosY': ローカル変数は 1 度も使われていません。
main.cpp(340): warning C4305: '+=': 'double' から 'float' へ切り詰めます。
main.cpp(353): warning C4244: '+=': 'double' から 'float' への変換です。データが失われる可能性があります。
main.cpp(376): warning C4244: '=': 'double' から 'float' への変換です。データが失われる可能性があります。
main.cpp(377): warning C4244: '=': 'double' から 'float' への変換です。データが失われる可能性があります。
main.cpp(404): warning C4305: '+=': 'double' から 'float' へ切り詰めます。
main.cpp(421): warning C4554: '<<': 演算子の優先順位に問題があります。かっこを使用して優先順位を明確にしてください
  コード生成しています。
  0 of 27 functions ( 0.0%) were compiled, the rest were copied from previous compilation.
    0 functions were new in current compilation
    0 functions had inline decision re-evaluated but remain unchanged
  コード生成が終了しました。
  k05.vcxproj -> C:\Users\fatez\Desktop\k05\Release\k05.exe
  k05.vcxproj -> C:\Users\fatez\Desktop\k05\Release\k05.pdb (Full PDB)
